Started GET "/" for 127.0.0.1 at 2021-06-29 09:39:14 +0530
  [1m[35m (1.2ms)[0m  [1m[34mSELECT sqlite_version(*)[0m
Processing by Rails::WelcomeController#index as HTML
  Rendering /home/user/.rvm/gems/ruby-3.0.0/gems/railties-6.1.4/lib/rails/templates/rails/welcome/index.html.erb
  Rendered /home/user/.rvm/gems/ruby-3.0.0/gems/railties-6.1.4/lib/rails/templates/rails/welcome/index.html.erb (Duration: 10.7ms | Allocations: 518)
Completed 200 OK in 25ms (Views: 14.8ms | ActiveRecord: 0.0ms | Allocations: 4175)


Started GET "/" for 127.0.0.1 at 2021-06-29 11:09:50 +0530
Processing by Rails::WelcomeController#index as HTML
  Rendering /home/user/.rvm/gems/ruby-3.0.0/gems/railties-6.1.4/lib/rails/templates/rails/welcome/index.html.erb
  Rendered /home/user/.rvm/gems/ruby-3.0.0/gems/railties-6.1.4/lib/rails/templates/rails/welcome/index.html.erb (Duration: 7.8ms | Allocations: 224)
Completed 200 OK in 12ms (Views: 9.7ms | Allocations: 952)


Started GET "/" for 127.0.0.1 at 2021-06-29 11:09:51 +0530
Processing by Rails::WelcomeController#index as HTML
  Rendering /home/user/.rvm/gems/ruby-3.0.0/gems/railties-6.1.4/lib/rails/templates/rails/welcome/index.html.erb
  Rendered /home/user/.rvm/gems/ruby-3.0.0/gems/railties-6.1.4/lib/rails/templates/rails/welcome/index.html.erb (Duration: 0.4ms | Allocations: 46)
Completed 200 OK in 2ms (Views: 1.1ms | Allocations: 409)


Started GET "/" for 127.0.0.1 at 2021-06-29 11:12:19 +0530
  [1m[35m (0.5ms)[0m  [1m[34mSELECT sqlite_version(*)[0m
Processing by Rails::WelcomeController#index as HTML
  Rendering /home/user/.rvm/gems/ruby-3.0.0/gems/railties-6.1.4/lib/rails/templates/rails/welcome/index.html.erb
  Rendered /home/user/.rvm/gems/ruby-3.0.0/gems/railties-6.1.4/lib/rails/templates/rails/welcome/index.html.erb (Duration: 6.4ms | Allocations: 414)
Completed 200 OK in 16ms (Views: 8.1ms | ActiveRecord: 0.0ms | Allocations: 3104)


Started GET "/" for 127.0.0.1 at 2021-06-29 11:14:30 +0530
  
AbstractController::ActionNotFound (The action 'index' could not be found for SessionsController
Did you mean?  new):
  
actionpack (6.1.4) lib/abstract_controller/base.rb:160:in `process'
actionview (6.1.4) lib/action_view/rendering.rb:39:in `process'
actionpack (6.1.4) lib/action_controller/metal.rb:190:in `dispatch'
actionpack (6.1.4) lib/action_controller/metal.rb:254:in `dispatch'
actionpack (6.1.4) lib/action_dispatch/routing/route_set.rb:50:in `dispatch'
actionpack (6.1.4) lib/action_dispatch/routing/route_set.rb:33:in `serve'
actionpack (6.1.4) lib/action_dispatch/journey/router.rb:50:in `block in serve'
actionpack (6.1.4) lib/action_dispatch/journey/router.rb:32:in `each'
actionpack (6.1.4) lib/action_dispatch/journey/router.rb:32:in `serve'
actionpack (6.1.4) lib/action_dispatch/routing/route_set.rb:842:in `call'
rack (2.2.3) lib/rack/tempfile_reaper.rb:15:in `call'
rack (2.2.3) lib/rack/etag.rb:27:in `call'
rack (2.2.3) lib/rack/conditional_get.rb:27:in `call'
rack (2.2.3) lib/rack/head.rb:12:in `call'
actionpack (6.1.4) lib/action_dispatch/http/permissions_policy.rb:22:in `call'
actionpack (6.1.4) lib/action_dispatch/http/content_security_policy.rb:18:in `call'
rack (2.2.3) lib/rack/session/abstract/id.rb:266:in `context'
rack (2.2.3) lib/rack/session/abstract/id.rb:260:in `call'
actionpack (6.1.4) lib/action_dispatch/middleware/cookies.rb:689:in `call'
activerecord (6.1.4) lib/active_record/migration.rb:601:in `call'
actionpack (6.1.4) lib/action_dispatch/middleware/callbacks.rb:27:in `block in call'
activesupport (6.1.4) lib/active_support/callbacks.rb:98:in `run_callbacks'
actionpack (6.1.4) lib/action_dispatch/middleware/callbacks.rb:26:in `call'
actionpack (6.1.4) lib/action_dispatch/middleware/executor.rb:14:in `call'
actionpack (6.1.4) lib/action_dispatch/middleware/actionable_exceptions.rb:18:in `call'
actionpack (6.1.4) lib/action_dispatch/middleware/debug_exceptions.rb:29:in `call'
web-console (4.1.0) lib/web_console/middleware.rb:132:in `call_app'
web-console (4.1.0) lib/web_console/middleware.rb:28:in `block in call'
web-console (4.1.0) lib/web_console/middleware.rb:17:in `catch'
web-console (4.1.0) lib/web_console/middleware.rb:17:in `call'
actionpack (6.1.4) lib/action_dispatch/middleware/show_exceptions.rb:33:in `call'
railties (6.1.4) lib/rails/rack/logger.rb:37:in `call_app'
railties (6.1.4) lib/rails/rack/logger.rb:26:in `block in call'
activesupport (6.1.4) lib/active_support/tagged_logging.rb:99:in `block in tagged'
activesupport (6.1.4) lib/active_support/tagged_logging.rb:37:in `tagged'
activesupport (6.1.4) lib/active_support/tagged_logging.rb:99:in `tagged'
railties (6.1.4) lib/rails/rack/logger.rb:26:in `call'
sprockets-rails (3.2.2) lib/sprockets/rails/quiet_assets.rb:13:in `call'
actionpack (6.1.4) lib/action_dispatch/middleware/remote_ip.rb:81:in `call'
actionpack (6.1.4) lib/action_dispatch/middleware/request_id.rb:26:in `call'
rack (2.2.3) lib/rack/method_override.rb:24:in `call'
rack (2.2.3) lib/rack/runtime.rb:22:in `call'
activesupport (6.1.4) lib/active_support/cache/strategy/local_cache_middleware.rb:29:in `call'
actionpack (6.1.4) lib/action_dispatch/middleware/executor.rb:14:in `call'
actionpack (6.1.4) lib/action_dispatch/middleware/static.rb:24:in `call'
rack (2.2.3) lib/rack/sendfile.rb:110:in `call'
actionpack (6.1.4) lib/action_dispatch/middleware/host_authorization.rb:98:in `call'
rack-mini-profiler (2.3.2) lib/mini_profiler/profiler.rb:384:in `call'
webpacker (5.4.0) lib/webpacker/dev_server_proxy.rb:25:in `perform_request'
rack-proxy (0.7.0) lib/rack/proxy.rb:63:in `call'
railties (6.1.4) lib/rails/engine.rb:539:in `call'
puma (5.3.2) lib/puma/configuration.rb:249:in `call'
puma (5.3.2) lib/puma/request.rb:77:in `block in handle_request'
puma (5.3.2) lib/puma/thread_pool.rb:338:in `with_force_shutdown'
puma (5.3.2) lib/puma/request.rb:76:in `handle_request'
puma (5.3.2) lib/puma/server.rb:438:in `process_client'
puma (5.3.2) lib/puma/thread_pool.rb:145:in `block in spawn_thread'
Started GET "/" for 127.0.0.1 at 2021-06-29 11:14:46 +0530
  
ActionController::RoutingError (uninitialized constant NewController):
  
Started GET "/" for 127.0.0.1 at 2021-06-29 11:15:10 +0530
  
ActionController::RoutingError (uninitialized constant NewController):
  
Started GET "/" for 127.0.0.1 at 2021-06-29 11:15:21 +0530
Processing by Rails::WelcomeController#index as HTML
  Rendering /home/user/.rvm/gems/ruby-3.0.0/gems/railties-6.1.4/lib/rails/templates/rails/welcome/index.html.erb
  Rendered /home/user/.rvm/gems/ruby-3.0.0/gems/railties-6.1.4/lib/rails/templates/rails/welcome/index.html.erb (Duration: 7.8ms | Allocations: 218)
Completed 200 OK in 12ms (Views: 9.8ms | Allocations: 946)


Started GET "/" for 127.0.0.1 at 2021-06-29 11:16:42 +0530
Processing by Rails::WelcomeController#index as HTML
  Rendering /home/user/.rvm/gems/ruby-3.0.0/gems/railties-6.1.4/lib/rails/templates/rails/welcome/index.html.erb
  Rendered /home/user/.rvm/gems/ruby-3.0.0/gems/railties-6.1.4/lib/rails/templates/rails/welcome/index.html.erb (Duration: 0.4ms | Allocations: 46)
Completed 200 OK in 3ms (Views: 1.2ms | Allocations: 407)


Started GET "/" for 127.0.0.1 at 2021-06-29 11:16:43 +0530
Processing by Rails::WelcomeController#index as HTML
  Rendering /home/user/.rvm/gems/ruby-3.0.0/gems/railties-6.1.4/lib/rails/templates/rails/welcome/index.html.erb
  Rendered /home/user/.rvm/gems/ruby-3.0.0/gems/railties-6.1.4/lib/rails/templates/rails/welcome/index.html.erb (Duration: 0.6ms | Allocations: 45)
Completed 200 OK in 4ms (Views: 2.5ms | Allocations: 401)


Started GET "/" for 127.0.0.1 at 2021-06-29 11:20:45 +0530
Processing by Rails::WelcomeController#index as HTML
  Rendering /home/user/.rvm/gems/ruby-3.0.0/gems/railties-6.1.4/lib/rails/templates/rails/welcome/index.html.erb
  Rendered /home/user/.rvm/gems/ruby-3.0.0/gems/railties-6.1.4/lib/rails/templates/rails/welcome/index.html.erb (Duration: 0.3ms | Allocations: 45)
Completed 200 OK in 2ms (Views: 1.0ms | Allocations: 401)


Started GET "/" for 127.0.0.1 at 2021-06-29 12:11:55 +0530
Processing by Rails::WelcomeController#index as HTML
  Rendering /home/user/.rvm/gems/ruby-3.0.0/gems/railties-6.1.4/lib/rails/templates/rails/welcome/index.html.erb
  Rendered /home/user/.rvm/gems/ruby-3.0.0/gems/railties-6.1.4/lib/rails/templates/rails/welcome/index.html.erb (Duration: 0.7ms | Allocations: 45)
Completed 200 OK in 2ms (Views: 1.4ms | Allocations: 401)


Started GET "/" for 127.0.0.1 at 2021-06-29 12:12:35 +0530
  
ArgumentError (Missing :controller key on routes definition, please check your routes.):
  
config/routes.rb:2:in `block in <main>'
config/routes.rb:1:in `<main>'
Started GET "/" for 127.0.0.1 at 2021-06-29 12:13:02 +0530
Processing by SessionsController#new as HTML
  Rendering layout layouts/application.html.erb
  Rendering sessions/new.html.erb within layouts/application
  Rendered sessions/new.html.erb within layouts/application (Duration: 3.4ms | Allocations: 110)
[Webpacker] Compiling...
Started GET "/" for 127.0.0.1 at 2021-06-29 12:13:03 +0530
[Webpacker] Compiled all packs in /home/user/ecommerce_app/public/packs
[Webpacker] Though the "loose" option was set to "false" in your @babel/preset-env config, it will not be used for @babel/plugin-proposal-private-methods since the "loose" mode option was set to "true" for @babel/plugin-proposal-class-properties.
The "loose" option must be the same for @babel/plugin-proposal-class-properties, @babel/plugin-proposal-private-methods and @babel/plugin-proposal-private-property-in-object (when they are enabled): you can silence this warning by explicitly adding
	["@babel/plugin-proposal-private-methods", { "loose": true }]
to the "plugins" section of your Babel config.
Though the "loose" option was set to "false" in your @babel/preset-env config, it will not be used for @babel/plugin-proposal-private-methods since the "loose" mode option was set to "true" for @babel/plugin-proposal-class-properties.
The "loose" option must be the same for @babel/plugin-proposal-class-properties, @babel/plugin-proposal-private-methods and @babel/plugin-proposal-private-property-in-object (when they are enabled): you can silence this warning by explicitly adding
	["@babel/plugin-proposal-private-methods", { "loose": true }]
to the "plugins" section of your Babel config.
Though the "loose" option was set to "false" in your @babel/preset-env config, it will not be used for @babel/plugin-proposal-private-methods since the "loose" mode option was set to "true" for @babel/plugin-proposal-class-properties.
The "loose" option must be the same for @babel/plugin-proposal-class-properties, @babel/plugin-proposal-private-methods and @babel/plugin-proposal-private-property-in-object (when they are enabled): you can silence this warning by explicitly adding
	["@babel/plugin-proposal-private-methods", { "loose": true }]
to the "plugins" section of your Babel config.
Though the "loose" option was set to "false" in your @babel/preset-env config, it will not be used for @babel/plugin-proposal-private-methods since the "loose" mode option was set to "true" for @babel/plugin-proposal-class-properties.
The "loose" option must be the same for @babel/plugin-proposal-class-properties, @babel/plugin-proposal-private-methods and @babel/plugin-proposal-private-property-in-object (when they are enabled): you can silence this warning by explicitly adding
	["@babel/plugin-proposal-private-methods", { "loose": true }]
to the "plugins" section of your Babel config.
Though the "loose" option was set to "false" in your @babel/preset-env config, it will not be used for @babel/plugin-proposal-private-methods since the "loose" mode option was set to "true" for @babel/plugin-proposal-class-properties.
The "loose" option must be the same for @babel/plugin-proposal-class-properties, @babel/plugin-proposal-private-methods and @babel/plugin-proposal-private-property-in-object (when they are enabled): you can silence this warning by explicitly adding
	["@babel/plugin-proposal-private-methods", { "loose": true }]
to the "plugins" section of your Babel config.
Though the "loose" option was set to "false" in your @babel/preset-env config, it will not be used for @babel/plugin-proposal-private-methods since the "loose" mode option was set to "true" for @babel/plugin-proposal-class-properties.
The "loose" option must be the same for @babel/plugin-proposal-class-properties, @babel/plugin-proposal-private-methods and @babel/plugin-proposal-private-property-in-object (when they are enabled): you can silence this warning by explicitly adding
	["@babel/plugin-proposal-private-methods", { "loose": true }]
to the "plugins" section of your Babel config.

[Webpacker] Hash: e2a8a876c5815bee1e21
Version: webpack 4.46.0
Time: 2658ms
Built at: 29/06/2021 12:13:08 pm
                                     Asset       Size       Chunks                         Chunk Names
    js/application-e421b4aa3f716bebdab1.js    125 KiB  application  [emitted] [immutable]  application
js/application-e421b4aa3f716bebdab1.js.map    139 KiB  application  [emitted] [dev]        application
                             manifest.json  364 bytes               [emitted]              
Entrypoint application = js/application-e421b4aa3f716bebdab1.js js/application-e421b4aa3f716bebdab1.js.map
[./app/javascript/channels sync recursive _channel\.js$] ./app/javascript/channels sync _channel\.js$ 160 bytes {application} [built]
[./app/javascript/channels/index.js] 211 bytes {application} [built]
[./app/javascript/packs/application.js] 492 bytes {application} [built]
[./node_modules/webpack/buildin/module.js] (webpack)/buildin/module.js 552 bytes {application} [built]
    + 3 hidden modules

  Rendered layout layouts/application.html.erb (Duration: 6737.6ms | Allocations: 21906)
Completed 200 OK in 6743ms (Views: 6739.5ms | Allocations: 23031)


Processing by SessionsController#new as HTML
  Rendering layout layouts/application.html.erb
  Rendering sessions/new.html.erb within layouts/application
  Rendered sessions/new.html.erb within layouts/application (Duration: 0.1ms | Allocations: 38)
[Webpacker] Everything's up-to-date. Nothing to do
  Rendered layout layouts/application.html.erb (Duration: 5.8ms | Allocations: 3042)
Completed 200 OK in 8ms (Views: 7.3ms | Allocations: 3615)


Started GET "/" for 127.0.0.1 at 2021-06-29 12:49:58 +0530
Processing by HomeController#index as HTML
  Rendering layout layouts/application.html.erb
  Rendering home/index.html.erb within layouts/application
  Rendered home/index.html.erb within layouts/application (Duration: 0.5ms | Allocations: 108)
[Webpacker] Everything's up-to-date. Nothing to do
  Rendered layout layouts/application.html.erb (Duration: 41.0ms | Allocations: 13058)
Completed 200 OK in 45ms (Views: 43.4ms | Allocations: 14322)


Started GET "/" for 127.0.0.1 at 2021-06-29 12:57:25 +0530
Processing by HomeController#index as HTML
  Rendering layout layouts/application.html.erb
  Rendering home/index.html.erb within layouts/application
  Rendered home/index.html.erb within layouts/application (Duration: 1.7ms | Allocations: 221)
[Webpacker] Everything's up-to-date. Nothing to do
  Rendered layout layouts/application.html.erb (Duration: 10.1ms | Allocations: 3436)
Completed 200 OK in 15ms (Views: 12.7ms | Allocations: 4638)


Started GET "/" for 127.0.0.1 at 2021-06-29 12:57:28 +0530
Processing by HomeController#index as HTML
  Rendering layout layouts/application.html.erb
  Rendering home/index.html.erb within layouts/application
  Rendered home/index.html.erb within layouts/application (Duration: 1.2ms | Allocations: 68)
[Webpacker] Everything's up-to-date. Nothing to do
  Rendered layout layouts/application.html.erb (Duration: 11.9ms | Allocations: 3061)
Completed 200 OK in 15ms (Views: 13.8ms | Allocations: 3505)


Started GET "/" for 127.0.0.1 at 2021-06-29 12:57:28 +0530
Processing by HomeController#index as HTML
  Rendering layout layouts/application.html.erb
  Rendering home/index.html.erb within layouts/application
  Rendered home/index.html.erb within layouts/application (Duration: 0.4ms | Allocations: 68)
[Webpacker] Everything's up-to-date. Nothing to do
  Rendered layout layouts/application.html.erb (Duration: 10.8ms | Allocations: 3050)
Completed 200 OK in 13ms (Views: 11.9ms | Allocations: 3491)


Started GET "/" for 127.0.0.1 at 2021-06-29 13:07:40 +0530
Processing by HomeController#index as HTML
  Rendering layout layouts/application.html.erb
  Rendering home/index.html.erb within layouts/application
  Rendered home/index.html.erb within layouts/application (Duration: 0.3ms | Allocations: 68)
[Webpacker] Everything's up-to-date. Nothing to do
  Rendered layout layouts/application.html.erb (Duration: 9.7ms | Allocations: 3049)
Completed 200 OK in 12ms (Views: 10.7ms | Allocations: 3490)


Started GET "/" for 127.0.0.1 at 2021-06-29 13:11:29 +0530
Processing by HomeController#index as HTML
  Rendering layout layouts/application.html.erb
  Rendering home/index.html.erb within layouts/application
  Rendered home/index.html.erb within layouts/application (Duration: 1.8ms | Allocations: 234)
[Webpacker] Everything's up-to-date. Nothing to do
  Rendered layout layouts/application.html.erb (Duration: 9.4ms | Allocations: 3448)
Completed 200 OK in 18ms (Views: 14.9ms | Allocations: 4655)


Started GET "/" for 127.0.0.1 at 2021-06-29 13:11:36 +0530
Processing by HomeController#index as HTML
  Rendering layout layouts/application.html.erb
  Rendering home/index.html.erb within layouts/application
  Rendered home/index.html.erb within layouts/application (Duration: 0.4ms | Allocations: 94)
[Webpacker] Everything's up-to-date. Nothing to do
  Rendered layout layouts/application.html.erb (Duration: 13.5ms | Allocations: 3079)
Completed 200 OK in 15ms (Views: 14.5ms | Allocations: 3518)


Started GET "/" for 127.0.0.1 at 2021-06-29 13:17:57 +0530
Processing by HomeController#index as HTML
  Rendering layout layouts/application.html.erb
  Rendering home/index.html.erb within layouts/application
  Rendered home/index.html.erb within layouts/application (Duration: 2.2ms | Allocations: 231)
[Webpacker] Everything's up-to-date. Nothing to do
  Rendered layout layouts/application.html.erb (Duration: 10.6ms | Allocations: 3445)
Completed 200 OK in 16ms (Views: 14.0ms | Allocations: 4647)


Started GET "/" for 127.0.0.1 at 2021-06-29 13:18:10 +0530
Processing by HomeController#index as HTML
  Rendering layout layouts/application.html.erb
  Rendering home/index.html.erb within layouts/application
  Rendered home/index.html.erb within layouts/application (Duration: 0.7ms | Allocations: 230)
[Webpacker] Everything's up-to-date. Nothing to do
  Rendered layout layouts/application.html.erb (Duration: 11.7ms | Allocations: 3444)
Completed 200 OK in 16ms (Views: 14.1ms | Allocations: 4647)


Started GET "/" for 127.0.0.1 at 2021-06-29 13:20:39 +0530
Processing by HomeController#index as HTML
  Rendering layout layouts/application.html.erb
  Rendering home/index.html.erb within layouts/application
  Rendered home/index.html.erb within layouts/application (Duration: 0.8ms | Allocations: 234)
[Webpacker] Everything's up-to-date. Nothing to do
  Rendered layout layouts/application.html.erb (Duration: 8.7ms | Allocations: 3448)
Completed 200 OK in 16ms (Views: 13.1ms | Allocations: 4651)


Started GET "/" for 127.0.0.1 at 2021-06-29 13:42:42 +0530
Processing by HomeController#index as HTML
  Rendering layout layouts/application.html.erb
  Rendering home/index.html.erb within layouts/application
  Rendered home/index.html.erb within layouts/application (Duration: 1.6ms | Allocations: 320)
[Webpacker] Everything's up-to-date. Nothing to do
  Rendered layout layouts/application.html.erb (Duration: 8.5ms | Allocations: 3535)
Completed 200 OK in 14ms (Views: 12.7ms | Allocations: 4743)


Started GET "/" for 127.0.0.1 at 2021-06-29 13:43:35 +0530
Processing by HomeController#index as HTML
  Rendering layout layouts/application.html.erb
  Rendering home/index.html.erb within layouts/application
  Rendered home/index.html.erb within layouts/application (Duration: 1.0ms | Allocations: 236)
[Webpacker] Everything's up-to-date. Nothing to do
  Rendered layout layouts/application.html.erb (Duration: 13.6ms | Allocations: 3450)
Completed 200 OK in 18ms (Views: 15.9ms | Allocations: 4653)


Started GET "/" for 127.0.0.1 at 2021-06-29 14:20:12 +0530
Processing by HomeController#index as HTML
  Rendering layout layouts/application.html.erb
  Rendering home/index.html.erb within layouts/application
  Rendered home/index.html.erb within layouts/application (Duration: 1.1ms | Allocations: 268)
[Webpacker] Everything's up-to-date. Nothing to do
  Rendered layout layouts/application.html.erb (Duration: 8.1ms | Allocations: 3493)
Completed 200 OK in 18ms (Views: 14.8ms | Allocations: 4703)


Started GET "/" for 127.0.0.1 at 2021-06-29 14:21:23 +0530
Processing by HomeController#index as HTML
  Rendering layout layouts/application.html.erb
  Rendering home/index.html.erb within layouts/application
  Rendered home/index.html.erb within layouts/application (Duration: 0.6ms | Allocations: 130)
[Webpacker] Everything's up-to-date. Nothing to do
  Rendered layout layouts/application.html.erb (Duration: 8.5ms | Allocations: 3152)
Completed 200 OK in 11ms (Views: 10.1ms | Allocations: 3778)


Started GET "/login" for 127.0.0.1 at 2021-06-29 14:21:25 +0530
Processing by SessionsController#new as HTML
  Rendering layout layouts/application.html.erb
  Rendering sessions/new.html.erb within layouts/application
  Rendered sessions/new.html.erb within layouts/application (Duration: 0.6ms | Allocations: 105)
[Webpacker] Everything's up-to-date. Nothing to do
  Rendered layout layouts/application.html.erb (Duration: 20.0ms | Allocations: 3704)
Completed 200 OK in 25ms (Views: 22.6ms | Allocations: 4687)


Started GET "/login" for 127.0.0.1 at 2021-06-29 14:49:09 +0530
Processing by SessionsController#new as HTML
  Rendering layout layouts/application.html.erb
  Rendering sessions/new.html.erb within layouts/application
  Rendered sessions/new.html.erb within layouts/application (Duration: 0.3ms | Allocations: 36)
[Webpacker] Everything's up-to-date. Nothing to do
  Rendered layout layouts/application.html.erb (Duration: 7.9ms | Allocations: 3006)
Completed 200 OK in 10ms (Views: 8.8ms | Allocations: 3447)


Started GET "/login" for 127.0.0.1 at 2021-06-29 14:50:48 +0530
Processing by SessionsController#new as HTML
  Rendering layout layouts/application.html.erb
  Rendering sessions/new.html.erb within layouts/application
  Rendered sessions/new.html.erb within layouts/application (Duration: 1.4ms | Allocations: 472)
[Webpacker] Everything's up-to-date. Nothing to do
  Rendered layout layouts/application.html.erb (Duration: 13.2ms | Allocations: 3659)
Completed 200 OK in 17ms (Views: 15.5ms | Allocations: 4777)


Started GET "/" for 127.0.0.1 at 2021-06-29 14:50:52 +0530
Processing by HomeController#index as HTML
  Rendering layout layouts/application.html.erb
  Rendering home/index.html.erb within layouts/application
  Rendered home/index.html.erb within layouts/application (Duration: 1.2ms | Allocations: 262)
[Webpacker] Everything's up-to-date. Nothing to do
  Rendered layout layouts/application.html.erb (Duration: 14.4ms | Allocations: 3869)
Completed 200 OK in 24ms (Views: 20.4ms | Allocations: 4855)


Started GET "/login" for 127.0.0.1 at 2021-06-29 15:32:48 +0530
Processing by SessionsController#new as HTML
  Rendering layout layouts/application.html.erb
  Rendering sessions/new.html.erb within layouts/application
  Rendered sessions/new.html.erb within layouts/application (Duration: 0.8ms | Allocations: 112)
[Webpacker] Everything's up-to-date. Nothing to do
  Rendered layout layouts/application.html.erb (Duration: 7.7ms | Allocations: 3321)
Completed 200 OK in 17ms (Views: 15.4ms | Allocations: 4440)


Started GET "/login" for 127.0.0.1 at 2021-06-29 15:33:56 +0530
Processing by SessionsController#new as HTML
  Rendering layout layouts/application.html.erb
  Rendering sessions/new.html.erb within layouts/application
  Rendered sessions/new.html.erb within layouts/application (Duration: 10.0ms | Allocations: 115)
[Webpacker] Everything's up-to-date. Nothing to do
  Rendered layout layouts/application.html.erb (Duration: 17.5ms | Allocations: 3336)
Completed 200 OK in 22ms (Views: 20.4ms | Allocations: 4455)


Started GET "/login" for 127.0.0.1 at 2021-06-29 16:09:07 +0530
Processing by SessionsController#new as HTML
  Rendering layout layouts/application.html.erb
  Rendering sessions/new.html.erb within layouts/application
  Rendered sessions/new.html.erb within layouts/application (Duration: 1.9ms | Allocations: 1152)
  Rendered layout layouts/application.html.erb (Duration: 2.4ms | Allocations: 1222)
Completed 500 Internal Server Error in 10ms (Allocations: 2326)


  
ActionView::SyntaxErrorInTemplate (Encountered a syntax error while rendering template: check <header>
    <h1>Login</h1>
</header>
<div class="container">
    <div class="row">
        <div class="col-xs-6">
            <%=form_tag '/login' do %>
                <%=text_field_tag: email, nil, class="form-control", placeholder="Enter your mail"%>
                <%= password_field_tag: password, nil, class="form-control", placeholder="Enter your password"%>
            <%end%>
        </div>
    </div>
</div>
):
1:    <header>
2:        <h1>Login</h1>
3:    </header>
4:    <div class="container">
5:        <div class="row">
6:            <div class="col-xs-6">
7:                <%=form_tag '/login' do %>
8:                    <%=text_field_tag: email, nil, class="form-control", placeholder="Enter your mail"%>
9:                    <%= password_field_tag: password, nil, class="form-control", placeholder="Enter your password"%>
10:                <%end%>
11:            </div>
12:        </div>
13:    </div>
  
app/views/sessions/new.html.erb:8: syntax error, unexpected label
app/views/sessions/new.html.erb:8: Can't assign to nil
app/views/sessions/new.html.erb:8: syntax error, unexpected '='
app/views/sessions/new.html.erb:8: syntax error, unexpected ',', expecting ')'
app/views/sessions/new.html.erb:9: syntax error, unexpected label
app/views/sessions/new.html.erb:9: Can't assign to nil
app/views/sessions/new.html.erb:9: syntax error, unexpected '='
app/views/sessions/new.html.erb:9: syntax error, unexpected ',', expecting ')'
app/views/sessions/new.html.erb:8: syntax error, unexpected label
app/views/sessions/new.html.erb:8: Can't assign to nil
app/views/sessions/new.html.erb:8: syntax error, unexpected '='
app/views/sessions/new.html.erb:8: syntax error, unexpected ',', expecting ')'
app/views/sessions/new.html.erb:9: syntax error, unexpected label
app/views/sessions/new.html.erb:9: Can't assign to nil
app/views/sessions/new.html.erb:9: syntax error, unexpected '='
app/views/sessions/new.html.erb:9: syntax error, unexpected ',', expecting ')'
app/views/sessions/new.html.erb:8: syntax error, unexpected label
app/views/sessions/new.html.erb:8: Can't assign to nil
app/views/sessions/new.html.erb:8: syntax error, unexpected '='
app/views/sessions/new.html.erb:8: syntax error, unexpected ',', expecting ')'
app/views/sessions/new.html.erb:9: syntax error, unexpected label
app/views/sessions/new.html.erb:9: Can't assign to nil
app/views/sessions/new.html.erb:9: syntax error, unexpected '='
app/views/sessions/new.html.erb:9: syntax error, unexpected ',', expecting ')'
app/views/sessions/new.html.erb:8: syntax error, unexpected label
app/views/sessions/new.html.erb:8: Can't assign to nil
app/views/sessions/new.html.erb:8: syntax error, unexpected '='
app/views/sessions/new.html.erb:8: syntax error, unexpected ',', expecting ')'
app/views/sessions/new.html.erb:9: syntax error, unexpected label
app/views/sessions/new.html.erb:9: Can't assign to nil
app/views/sessions/new.html.erb:9: syntax error, unexpected '='
app/views/sessions/new.html.erb:9: syntax error, unexpected ',', expecting ')'
app/views/sessions/new.html.erb:8: syntax error, unexpected label
app/views/sessions/new.html.erb:8: Can't assign to nil
app/views/sessions/new.html.erb:8: syntax error, unexpected '='
app/views/sessions/new.html.erb:8: syntax error, unexpected ',', expecting ')'
app/views/sessions/new.html.erb:9: syntax error, unexpected label
app/views/sessions/new.html.erb:9: Can't assign to nil
app/views/sessions/new.html.erb:9: syntax error, unexpected '='
app/views/sessions/new.html.erb:9: syntax error, unexpected ',', expecting ')'
app/views/sessions/new.html.erb:8: syntax error, unexpected label
app/views/sessions/new.html.erb:8: Can't assign to nil
app/views/sessions/new.html.erb:8: syntax error, unexpected '='
app/views/sessions/new.html.erb:8: syntax error, unexpected ',', expecting ')'
app/views/sessions/new.html.erb:9: syntax error, unexpected label
app/views/sessions/new.html.erb:9: Can't assign to nil
app/views/sessions/new.html.erb:9: syntax error, unexpected '='
app/views/sessions/new.html.erb:9: syntax error, unexpected ',', expecting ')'
Started GET "/login" for 127.0.0.1 at 2021-06-29 16:11:08 +0530
Processing by SessionsController#new as HTML
  Rendering layout layouts/application.html.erb
  Rendering sessions/new.html.erb within layouts/application
  Rendered sessions/new.html.erb within layouts/application (Duration: 1.8ms | Allocations: 1138)
  Rendered layout layouts/application.html.erb (Duration: 2.2ms | Allocations: 1208)
Completed 500 Internal Server Error in 5ms (Allocations: 2295)


  
ActionView::SyntaxErrorInTemplate (Encountered a syntax error while rendering template: check <header>
    <h1>Login</h1>
</header>
<div class="container">
    <div class="row">
        <div class="col-xs-6">
            <%=form_tag '/login' do %>
                <%=text/-field_tag: email, nil, class="form-control", placeholder="Enter your mail"%>
                <%= password_field_tag: password, nil, class="form-control", placeholder="Enter your password"%>
            <%end%>
        </div>
    </div>
</div>
):
1:    <header>
2:        <h1>Login</h1>
3:    </header>
4:    <div class="container">
5:        <div class="row">
6:            <div class="col-xs-6">
7:                <%=form_tag '/login' do %>
8:                    <%=text/-field_tag: email, nil, class="form-control", placeholder="Enter your mail"%>
9:                    <%= password_field_tag: password, nil, class="form-control", placeholder="Enter your password"%>
10:                <%end%>
11:            </div>
12:        </div>
13:    </div>
  
app/views/sessions/new.html.erb:8: syntax error, unexpected ':', expecting ')'
app/views/sessions/new.html.erb:8: Can't assign to nil
app/views/sessions/new.html.erb:8: syntax error, unexpected '='
app/views/sessions/new.html.erb:8: syntax error, unexpected ',', expecting ')'
app/views/sessions/new.html.erb:9: syntax error, unexpected label
app/views/sessions/new.html.erb:9: Can't assign to nil
app/views/sessions/new.html.erb:9: syntax error, unexpected '='
app/views/sessions/new.html.erb:9: syntax error, unexpected ',', expecting ')'
app/views/sessions/new.html.erb:8: syntax error, unexpected ':', expecting ')'
app/views/sessions/new.html.erb:8: Can't assign to nil
app/views/sessions/new.html.erb:8: syntax error, unexpected '='
app/views/sessions/new.html.erb:8: syntax error, unexpected ',', expecting ')'
app/views/sessions/new.html.erb:9: syntax error, unexpected label
app/views/sessions/new.html.erb:9: Can't assign to nil
app/views/sessions/new.html.erb:9: syntax error, unexpected '='
app/views/sessions/new.html.erb:9: syntax error, unexpected ',', expecting ')'
app/views/sessions/new.html.erb:8: syntax error, unexpected ':', expecting ')'
app/views/sessions/new.html.erb:8: Can't assign to nil
app/views/sessions/new.html.erb:8: syntax error, unexpected '='
app/views/sessions/new.html.erb:8: syntax error, unexpected ',', expecting ')'
app/views/sessions/new.html.erb:9: syntax error, unexpected label
app/views/sessions/new.html.erb:9: Can't assign to nil
app/views/sessions/new.html.erb:9: syntax error, unexpected '='
app/views/sessions/new.html.erb:9: syntax error, unexpected ',', expecting ')'
app/views/sessions/new.html.erb:8: syntax error, unexpected ':', expecting ')'
app/views/sessions/new.html.erb:8: Can't assign to nil
app/views/sessions/new.html.erb:8: syntax error, unexpected '='
app/views/sessions/new.html.erb:8: syntax error, unexpected ',', expecting ')'
app/views/sessions/new.html.erb:9: syntax error, unexpected label
app/views/sessions/new.html.erb:9: Can't assign to nil
app/views/sessions/new.html.erb:9: syntax error, unexpected '='
app/views/sessions/new.html.erb:9: syntax error, unexpected ',', expecting ')'
app/views/sessions/new.html.erb:8: syntax error, unexpected ':', expecting ')'
app/views/sessions/new.html.erb:8: Can't assign to nil
app/views/sessions/new.html.erb:8: syntax error, unexpected '='
app/views/sessions/new.html.erb:8: syntax error, unexpected ',', expecting ')'
app/views/sessions/new.html.erb:9: syntax error, unexpected label
app/views/sessions/new.html.erb:9: Can't assign to nil
app/views/sessions/new.html.erb:9: syntax error, unexpected '='
app/views/sessions/new.html.erb:9: syntax error, unexpected ',', expecting ')'
app/views/sessions/new.html.erb:8: syntax error, unexpected ':', expecting ')'
app/views/sessions/new.html.erb:8: Can't assign to nil
app/views/sessions/new.html.erb:8: syntax error, unexpected '='
app/views/sessions/new.html.erb:8: syntax error, unexpected ',', expecting ')'
app/views/sessions/new.html.erb:9: syntax error, unexpected label
app/views/sessions/new.html.erb:9: Can't assign to nil
app/views/sessions/new.html.erb:9: syntax error, unexpected '='
app/views/sessions/new.html.erb:9: syntax error, unexpected ',', expecting ')'
Started GET "/login" for 127.0.0.1 at 2021-06-29 16:11:33 +0530
Processing by SessionsController#new as HTML
  Rendering layout layouts/application.html.erb
  Rendering sessions/new.html.erb within layouts/application
  Rendered sessions/new.html.erb within layouts/application (Duration: 1.6ms | Allocations: 1140)
  Rendered layout layouts/application.html.erb (Duration: 2.0ms | Allocations: 1210)
Completed 500 Internal Server Error in 10ms (Allocations: 2297)


  
ActionView::SyntaxErrorInTemplate (Encountered a syntax error while rendering template: check <header>
    <h1>Login</h1>
</header>
<div class="container">
    <div class="row">
        <div class="col-xs-6">
            <%=form_tag '/login' do %>
                <%=text_field_tag: email, nil, class="form-control", placeholder="Enter your mail"%>
                <%= password_field_tag: password, nil, class="form-control", placeholder="Enter your password"%>
            <%end%>
        </div>
    </div>
</div>
):
1:    <header>
2:        <h1>Login</h1>
3:    </header>
4:    <div class="container">
5:        <div class="row">
6:            <div class="col-xs-6">
7:                <%=form_tag '/login' do %>
8:                    <%=text_field_tag: email, nil, class="form-control", placeholder="Enter your mail"%>
9:                    <%= password_field_tag: password, nil, class="form-control", placeholder="Enter your password"%>
10:                <%end%>
11:            </div>
12:        </div>
13:    </div>
  
app/views/sessions/new.html.erb:8: syntax error, unexpected label
app/views/sessions/new.html.erb:8: Can't assign to nil
app/views/sessions/new.html.erb:8: syntax error, unexpected '='
app/views/sessions/new.html.erb:8: syntax error, unexpected ',', expecting ')'
app/views/sessions/new.html.erb:9: syntax error, unexpected label
app/views/sessions/new.html.erb:9: Can't assign to nil
app/views/sessions/new.html.erb:9: syntax error, unexpected '='
app/views/sessions/new.html.erb:9: syntax error, unexpected ',', expecting ')'
app/views/sessions/new.html.erb:8: syntax error, unexpected label
app/views/sessions/new.html.erb:8: Can't assign to nil
app/views/sessions/new.html.erb:8: syntax error, unexpected '='
app/views/sessions/new.html.erb:8: syntax error, unexpected ',', expecting ')'
app/views/sessions/new.html.erb:9: syntax error, unexpected label
app/views/sessions/new.html.erb:9: Can't assign to nil
app/views/sessions/new.html.erb:9: syntax error, unexpected '='
app/views/sessions/new.html.erb:9: syntax error, unexpected ',', expecting ')'
app/views/sessions/new.html.erb:8: syntax error, unexpected label
app/views/sessions/new.html.erb:8: Can't assign to nil
app/views/sessions/new.html.erb:8: syntax error, unexpected '='
app/views/sessions/new.html.erb:8: syntax error, unexpected ',', expecting ')'
app/views/sessions/new.html.erb:9: syntax error, unexpected label
app/views/sessions/new.html.erb:9: Can't assign to nil
app/views/sessions/new.html.erb:9: syntax error, unexpected '='
app/views/sessions/new.html.erb:9: syntax error, unexpected ',', expecting ')'
app/views/sessions/new.html.erb:8: syntax error, unexpected label
app/views/sessions/new.html.erb:8: Can't assign to nil
app/views/sessions/new.html.erb:8: syntax error, unexpected '='
app/views/sessions/new.html.erb:8: syntax error, unexpected ',', expecting ')'
app/views/sessions/new.html.erb:9: syntax error, unexpected label
app/views/sessions/new.html.erb:9: Can't assign to nil
app/views/sessions/new.html.erb:9: syntax error, unexpected '='
app/views/sessions/new.html.erb:9: syntax error, unexpected ',', expecting ')'
app/views/sessions/new.html.erb:8: syntax error, unexpected label
app/views/sessions/new.html.erb:8: Can't assign to nil
app/views/sessions/new.html.erb:8: syntax error, unexpected '='
app/views/sessions/new.html.erb:8: syntax error, unexpected ',', expecting ')'
app/views/sessions/new.html.erb:9: syntax error, unexpected label
app/views/sessions/new.html.erb:9: Can't assign to nil
app/views/sessions/new.html.erb:9: syntax error, unexpected '='
app/views/sessions/new.html.erb:9: syntax error, unexpected ',', expecting ')'
app/views/sessions/new.html.erb:8: syntax error, unexpected label
app/views/sessions/new.html.erb:8: Can't assign to nil
app/views/sessions/new.html.erb:8: syntax error, unexpected '='
app/views/sessions/new.html.erb:8: syntax error, unexpected ',', expecting ')'
app/views/sessions/new.html.erb:9: syntax error, unexpected label
app/views/sessions/new.html.erb:9: Can't assign to nil
app/views/sessions/new.html.erb:9: syntax error, unexpected '='
app/views/sessions/new.html.erb:9: syntax error, unexpected ',', expecting ')'
Started GET "/login" for 127.0.0.1 at 2021-06-29 16:12:36 +0530
Processing by SessionsController#new as HTML
  Rendering layout layouts/application.html.erb
  Rendering sessions/new.html.erb within layouts/application
  Rendered sessions/new.html.erb within layouts/application (Duration: 1.9ms | Allocations: 1137)
  Rendered layout layouts/application.html.erb (Duration: 2.6ms | Allocations: 1207)
Completed 500 Internal Server Error in 10ms (Allocations: 2294)


  
ActionView::SyntaxErrorInTemplate (Encountered a syntax error while rendering template: check <header>
    <h1>Login</h1>
</header>
<div class="container">
    <div class="row">
        <div class="col-xs-6">
            <%=form_tag '/login' do %>
                <%= text_field_tag :email, nil, class: "form-control", placeholder: "Email" %>
                <%= password_field_tag: password, nil, class="form-control", placeholder="Enter your password"%>
            <%end%>
        </div>
    </div>
</div>
):
1:    <header>
2:        <h1>Login</h1>
3:    </header>
4:    <div class="container">
5:        <div class="row">
6:            <div class="col-xs-6">
7:                <%=form_tag '/login' do %>
8:                    <%= text_field_tag :email, nil, class: "form-control", placeholder: "Email" %>
9:                    <%= password_field_tag: password, nil, class="form-control", placeholder="Enter your password"%>
10:                <%end%>
11:            </div>
12:        </div>
13:    </div>
  
app/views/sessions/new.html.erb:9: syntax error, unexpected label
app/views/sessions/new.html.erb:9: Can't assign to nil
app/views/sessions/new.html.erb:9: syntax error, unexpected '='
app/views/sessions/new.html.erb:9: syntax error, unexpected ',', expecting ')'
app/views/sessions/new.html.erb:9: syntax error, unexpected label
app/views/sessions/new.html.erb:9: Can't assign to nil
app/views/sessions/new.html.erb:9: syntax error, unexpected '='
app/views/sessions/new.html.erb:9: syntax error, unexpected ',', expecting ')'
app/views/sessions/new.html.erb:9: syntax error, unexpected label
app/views/sessions/new.html.erb:9: Can't assign to nil
app/views/sessions/new.html.erb:9: syntax error, unexpected '='
app/views/sessions/new.html.erb:9: syntax error, unexpected ',', expecting ')'
app/views/sessions/new.html.erb:9: syntax error, unexpected label
app/views/sessions/new.html.erb:9: Can't assign to nil
app/views/sessions/new.html.erb:9: syntax error, unexpected '='
app/views/sessions/new.html.erb:9: syntax error, unexpected ',', expecting ')'
app/views/sessions/new.html.erb:9: syntax error, unexpected label
app/views/sessions/new.html.erb:9: Can't assign to nil
app/views/sessions/new.html.erb:9: syntax error, unexpected '='
app/views/sessions/new.html.erb:9: syntax error, unexpected ',', expecting ')'
app/views/sessions/new.html.erb:9: syntax error, unexpected label
app/views/sessions/new.html.erb:9: Can't assign to nil
app/views/sessions/new.html.erb:9: syntax error, unexpected '='
app/views/sessions/new.html.erb:9: syntax error, unexpected ',', expecting ')'
Started GET "/login" for 127.0.0.1 at 2021-06-29 16:12:59 +0530
Processing by SessionsController#new as HTML
  Rendering layout layouts/application.html.erb
  Rendering sessions/new.html.erb within layouts/application
  Rendered sessions/new.html.erb within layouts/application (Duration: 3.4ms | Allocations: 372)
[Webpacker] Everything's up-to-date. Nothing to do
  Rendered layout layouts/application.html.erb (Duration: 10.8ms | Allocations: 3570)
Completed 200 OK in 17ms (Views: 15.3ms | Allocations: 4693)


Started GET "/login" for 127.0.0.1 at 2021-06-29 16:13:15 +0530
Processing by SessionsController#new as HTML
  Rendering layout layouts/application.html.erb
  Rendering sessions/new.html.erb within layouts/application
  Rendered sessions/new.html.erb within layouts/application (Duration: 5.5ms | Allocations: 373)
[Webpacker] Everything's up-to-date. Nothing to do
  Rendered layout layouts/application.html.erb (Duration: 16.1ms | Allocations: 3560)
Completed 200 OK in 21ms (Views: 19.0ms | Allocations: 4678)


Started GET "/login" for 127.0.0.1 at 2021-06-29 16:13:59 +0530
Processing by SessionsController#new as HTML
  Rendering layout layouts/application.html.erb
  Rendering sessions/new.html.erb within layouts/application
  Rendered sessions/new.html.erb within layouts/application (Duration: 2.5ms | Allocations: 410)
[Webpacker] Everything's up-to-date. Nothing to do
  Rendered layout layouts/application.html.erb (Duration: 14.8ms | Allocations: 3608)
Completed 200 OK in 19ms (Views: 17.6ms | Allocations: 4732)


Started POST "/login" for 127.0.0.1 at 2021-06-29 16:14:00 +0530
  
ActionController::RoutingError (No route matches [POST] "/login"):
  
Started GET "/login" for 127.0.0.1 at 2021-06-29 16:14:24 +0530
Processing by SessionsController#new as HTML
  Rendering layout layouts/application.html.erb
  Rendering sessions/new.html.erb within layouts/application
  Rendered sessions/new.html.erb within layouts/application (Duration: 0.6ms | Allocations: 200)
[Webpacker] Everything's up-to-date. Nothing to do
  Rendered layout layouts/application.html.erb (Duration: 6.7ms | Allocations: 3158)
Completed 200 OK in 9ms (Views: 8.1ms | Allocations: 3597)


Started GET "/" for 127.0.0.1 at 2021-06-29 16:15:25 +0530
Processing by HomeController#index as HTML
  Rendering layout layouts/application.html.erb
  Rendering home/index.html.erb within layouts/application
  Rendered home/index.html.erb within layouts/application (Duration: 1.1ms | Allocations: 264)
[Webpacker] Everything's up-to-date. Nothing to do
  Rendered layout layouts/application.html.erb (Duration: 16.1ms | Allocations: 3478)
Completed 200 OK in 25ms (Views: 20.7ms | Allocations: 4689)


Started GET "/" for 127.0.0.1 at 2021-06-29 16:15:35 +0530
Processing by HomeController#index as HTML
  Rendering layout layouts/application.html.erb
  Rendering home/index.html.erb within layouts/application
  Rendered home/index.html.erb within layouts/application (Duration: 1.9ms | Allocations: 213)
[Webpacker] Everything's up-to-date. Nothing to do
  Rendered layout layouts/application.html.erb (Duration: 15.7ms | Allocations: 3439)
Completed 200 OK in 20ms (Views: 18.3ms | Allocations: 4643)


Started GET "/" for 127.0.0.1 at 2021-06-29 16:27:18 +0530
Processing by HomeController#index as HTML
  Rendering layout layouts/application.html.erb
  Rendering home/index.html.erb within layouts/application
  Rendered home/index.html.erb within layouts/application (Duration: 1.2ms | Allocations: 250)
[Webpacker] Everything's up-to-date. Nothing to do
  Rendered layout layouts/application.html.erb (Duration: 9.5ms | Allocations: 3455)
Completed 200 OK in 17ms (Views: 14.2ms | Allocations: 4692)


Started GET "/register" for 127.0.0.1 at 2021-06-29 16:27:20 +0530
  
ActionController::RoutingError (No route matches [GET] "/register"):
  
Started GET "/register" for 127.0.0.1 at 2021-06-29 16:27:30 +0530
Processing by SignupController#new as HTML
  Rendering layout layouts/application.html.erb
  Rendering signup/new.html.erb within layouts/application
  Rendered signup/new.html.erb within layouts/application (Duration: 0.9ms | Allocations: 107)
[Webpacker] Everything's up-to-date. Nothing to do
  Rendered layout layouts/application.html.erb (Duration: 10.7ms | Allocations: 3166)
Completed 200 OK in 18ms (Views: 14.6ms | Allocations: 4179)


Started GET "/register" for 127.0.0.1 at 2021-06-29 16:28:02 +0530
Processing by SignupController#new as HTML
  Rendering layout layouts/application.html.erb
  Rendering signup/new.html.erb within layouts/application
  Rendered signup/new.html.erb within layouts/application (Duration: 0.6ms | Allocations: 110)
[Webpacker] Everything's up-to-date. Nothing to do
  Rendered layout layouts/application.html.erb (Duration: 10.6ms | Allocations: 3340)
Completed 200 OK in 18ms (Views: 16.7ms | Allocations: 4546)


Started GET "/register" for 127.0.0.1 at 2021-06-29 16:32:21 +0530
Processing by SignupController#new as HTML
  Rendering layout layouts/application.html.erb
  Rendering signup/new.html.erb within layouts/application
  Rendered signup/new.html.erb within layouts/application (Duration: 1.5ms | Allocations: 1112)
  Rendered layout layouts/application.html.erb (Duration: 1.9ms | Allocations: 1182)
Completed 500 Internal Server Error in 6ms (Allocations: 2357)


  
ActionView::SyntaxErrorInTemplate (Encountered a syntax error while rendering template: check <h1>Signup#new</h1>
<p>Create Account</p>
<div>
    <%text_field_tag:name, nil, placeholder:"Enter your name"%>
    <%text_field_tage: email, nil, placeholder: "Enter your email"%>
</div>

):
1:    <h1>Signup#new</h1>
2:    <p>Create Account</p>
3:    <div>
4:        <%text_field_tag:name, nil, placeholder:"Enter your name"%>
5:        <%text_field_tage: email, nil, placeholder: "Enter your email"%>
6:    </div>
  
app/views/signup/new.html.erb:5: syntax error, unexpected ':', expecting `end'
app/views/signup/new.html.erb:5: Can't assign to nil
app/views/signup/new.html.erb:5: syntax error, unexpected label, expecting '='
app/views/signup/new.html.erb:5: syntax error, unexpected ':', expecting `end'
app/views/signup/new.html.erb:5: Can't assign to nil
app/views/signup/new.html.erb:5: syntax error, unexpected label, expecting '='
app/views/signup/new.html.erb:5: syntax error, unexpected ':', expecting `end'
app/views/signup/new.html.erb:5: Can't assign to nil
app/views/signup/new.html.erb:5: syntax error, unexpected label, expecting '='
app/views/signup/new.html.erb:5: syntax error, unexpected ':', expecting `end'
app/views/signup/new.html.erb:5: Can't assign to nil
app/views/signup/new.html.erb:5: syntax error, unexpected label, expecting '='
app/views/signup/new.html.erb:5: syntax error, unexpected ':', expecting `end'
app/views/signup/new.html.erb:5: Can't assign to nil
app/views/signup/new.html.erb:5: syntax error, unexpected label, expecting '='
app/views/signup/new.html.erb:5: syntax error, unexpected ':', expecting `end'
app/views/signup/new.html.erb:5: Can't assign to nil
app/views/signup/new.html.erb:5: syntax error, unexpected label, expecting '='
Started GET "/register" for 127.0.0.1 at 2021-06-29 16:32:34 +0530
Processing by SignupController#new as HTML
  Rendering layout layouts/application.html.erb
  Rendering signup/new.html.erb within layouts/application
  Rendered signup/new.html.erb within layouts/application (Duration: 1.5ms | Allocations: 1111)
  Rendered layout layouts/application.html.erb (Duration: 1.8ms | Allocations: 1181)
Completed 500 Internal Server Error in 6ms (Allocations: 2354)


  
ActionView::SyntaxErrorInTemplate (Encountered a syntax error while rendering template: check <h1>Signup#new</h1>
<p>Create Account</p>
<div>
    <%text_field_tag:name, nil, placeholder:"Enter your name"%>
    <%text_field_tag: email, nil, placeholder: "Enter your email"%>
</div>

):
1:    <h1>Signup#new</h1>
2:    <p>Create Account</p>
3:    <div>
4:        <%text_field_tag:name, nil, placeholder:"Enter your name"%>
5:        <%text_field_tag: email, nil, placeholder: "Enter your email"%>
6:    </div>
  
app/views/signup/new.html.erb:5: syntax error, unexpected ':', expecting `end'
app/views/signup/new.html.erb:5: Can't assign to nil
app/views/signup/new.html.erb:5: syntax error, unexpected label, expecting '='
app/views/signup/new.html.erb:5: syntax error, unexpected ':', expecting `end'
app/views/signup/new.html.erb:5: Can't assign to nil
app/views/signup/new.html.erb:5: syntax error, unexpected label, expecting '='
app/views/signup/new.html.erb:5: syntax error, unexpected ':', expecting `end'
app/views/signup/new.html.erb:5: Can't assign to nil
app/views/signup/new.html.erb:5: syntax error, unexpected label, expecting '='
app/views/signup/new.html.erb:5: syntax error, unexpected ':', expecting `end'
app/views/signup/new.html.erb:5: Can't assign to nil
app/views/signup/new.html.erb:5: syntax error, unexpected label, expecting '='
app/views/signup/new.html.erb:5: syntax error, unexpected ':', expecting `end'
app/views/signup/new.html.erb:5: Can't assign to nil
app/views/signup/new.html.erb:5: syntax error, unexpected label, expecting '='
app/views/signup/new.html.erb:5: syntax error, unexpected ':', expecting `end'
app/views/signup/new.html.erb:5: Can't assign to nil
app/views/signup/new.html.erb:5: syntax error, unexpected label, expecting '='
Started GET "/register" for 127.0.0.1 at 2021-06-29 16:32:51 +0530
Processing by SignupController#new as HTML
  Rendering layout layouts/application.html.erb
  Rendering signup/new.html.erb within layouts/application
  Rendered signup/new.html.erb within layouts/application (Duration: 2.6ms | Allocations: 161)
[Webpacker] Everything's up-to-date. Nothing to do
  Rendered layout layouts/application.html.erb (Duration: 12.4ms | Allocations: 3388)
Completed 200 OK in 18ms (Views: 15.7ms | Allocations: 4596)


Started GET "/register" for 127.0.0.1 at 2021-06-29 16:35:03 +0530
Processing by SignupController#new as HTML
  Rendering layout layouts/application.html.erb
  Rendering signup/new.html.erb within layouts/application
  Rendered signup/new.html.erb within layouts/application (Duration: 3.6ms | Allocations: 1115)
  Rendered layout layouts/application.html.erb (Duration: 4.2ms | Allocations: 1185)
Completed 500 Internal Server Error in 8ms (Allocations: 2353)


  
ActionView::SyntaxErrorInTemplate (Encountered a syntax error while rendering template: check <h1>Signup#new</h1>
<p>Create Account</p>
<div>
    <%=form_tag '/register' do %>
        <%text_field_tag:name, nil, placeholder:"Enter your name"%>
    <%end>
</div>

):
1:    <h1>Signup#new</h1>
2:    <p>Create Account</p>
3:    <div>
4:        <%=form_tag '/register' do %>
5:            <%text_field_tag:name, nil, placeholder:"Enter your name"%>
6:        <%end>
7:    </div>
  
app/views/signup/new.html.erb:10: syntax error, unexpected end-of-input, expecting `end'
app/views/signup/new.html.erb:10: syntax error, unexpected end-of-input, expecting `end'
app/views/signup/new.html.erb:10: syntax error, unexpected end-of-input, expecting `end'
app/views/signup/new.html.erb:10: syntax error, unexpected end-of-input, expecting `end'
app/views/signup/new.html.erb:10: syntax error, unexpected end-of-input, expecting `end'
app/views/signup/new.html.erb:10: syntax error, unexpected end-of-input, expecting `end'
Started GET "/register" for 127.0.0.1 at 2021-06-29 16:35:35 +0530
Processing by SignupController#new as HTML
  Rendering layout layouts/application.html.erb
  Rendering signup/new.html.erb within layouts/application
  Rendered signup/new.html.erb within layouts/application (Duration: 1.0ms | Allocations: 302)
[Webpacker] Everything's up-to-date. Nothing to do
  Rendered layout layouts/application.html.erb (Duration: 9.0ms | Allocations: 3511)
Completed 200 OK in 13ms (Views: 11.5ms | Allocations: 4719)


Started GET "/register" for 127.0.0.1 at 2021-06-29 16:36:02 +0530
Processing by SignupController#new as HTML
  Rendering layout layouts/application.html.erb
  Rendering signup/new.html.erb within layouts/application
  Rendered signup/new.html.erb within layouts/application (Duration: 0.9ms | Allocations: 313)
[Webpacker] Everything's up-to-date. Nothing to do
  Rendered layout layouts/application.html.erb (Duration: 15.0ms | Allocations: 3511)
Completed 200 OK in 20ms (Views: 17.0ms | Allocations: 4714)


Started GET "/register" for 127.0.0.1 at 2021-06-29 16:36:05 +0530
Processing by SignupController#new as HTML
  Rendering layout layouts/application.html.erb
  Rendering signup/new.html.erb within layouts/application
  Rendered signup/new.html.erb within layouts/application (Duration: 0.9ms | Allocations: 150)
[Webpacker] Everything's up-to-date. Nothing to do
  Rendered layout layouts/application.html.erb (Duration: 8.1ms | Allocations: 3119)
Completed 200 OK in 10ms (Views: 9.1ms | Allocations: 3558)


Started GET "/register" for 127.0.0.1 at 2021-06-29 16:36:19 +0530
Processing by SignupController#new as HTML
  Rendering layout layouts/application.html.erb
  Rendering signup/new.html.erb within layouts/application
  Rendered signup/new.html.erb within layouts/application (Duration: 3.1ms | Allocations: 1128)
  Rendered layout layouts/application.html.erb (Duration: 3.5ms | Allocations: 1198)
Completed 500 Internal Server Error in 9ms (Allocations: 2365)


  
ActionView::SyntaxErrorInTemplate (Encountered a syntax error while rendering template: check <h1>Signup#new</h1>
<p>Create Account</p>
<div>
    <%=form_tag '/register' do %>
        <%text_field_tag:name, nil, placeholder:"Enter your name"%>
        <br><br>
        <%text_field_tag: email, nil, placeholder:"Enter your email%"
    <%end%>
</div>

):
1:    <h1>Signup#new</h1>
2:    <p>Create Account</p>
3:    <div>
4:        <%=form_tag '/register' do %>
5:            <%text_field_tag:name, nil, placeholder:"Enter your name"%>
6:            <br><br>
7:            <%text_field_tag: email, nil, placeholder:"Enter your email%"
8:        <%end%>
9:    </div>
  
app/views/signup/new.html.erb:7: syntax error, unexpected ':', expecting `end'
app/views/signup/new.html.erb:7: Can't assign to nil
app/views/signup/new.html.erb:7: syntax error, unexpected label, expecting '='
app/views/signup/new.html.erb:8: syntax error, unexpected '<', expecting `end'
app/views/signup/new.html.erb:8: unknown type of %string
app/views/signup/new.html.erb:7: syntax error, unexpected ':', expecting `end'
app/views/signup/new.html.erb:7: Can't assign to nil
app/views/signup/new.html.erb:7: syntax error, unexpected label, expecting '='
app/views/signup/new.html.erb:8: syntax error, unexpected '<', expecting `end'
app/views/signup/new.html.erb:8: unknown type of %string
app/views/signup/new.html.erb:7: syntax error, unexpected ':', expecting `end'
app/views/signup/new.html.erb:7: Can't assign to nil
app/views/signup/new.html.erb:7: syntax error, unexpected label, expecting '='
app/views/signup/new.html.erb:8: syntax error, unexpected '<', expecting `end'
app/views/signup/new.html.erb:8: unknown type of %string
app/views/signup/new.html.erb:7: syntax error, unexpected ':', expecting `end'
app/views/signup/new.html.erb:7: Can't assign to nil
app/views/signup/new.html.erb:7: syntax error, unexpected label, expecting '='
app/views/signup/new.html.erb:8: syntax error, unexpected '<', expecting `end'
app/views/signup/new.html.erb:8: unknown type of %string
app/views/signup/new.html.erb:7: syntax error, unexpected ':', expecting `end'
app/views/signup/new.html.erb:7: Can't assign to nil
app/views/signup/new.html.erb:7: syntax error, unexpected label, expecting '='
app/views/signup/new.html.erb:8: syntax error, unexpected '<', expecting `end'
app/views/signup/new.html.erb:8: unknown type of %string
app/views/signup/new.html.erb:7: syntax error, unexpected ':', expecting `end'
app/views/signup/new.html.erb:7: Can't assign to nil
app/views/signup/new.html.erb:7: syntax error, unexpected label, expecting '='
app/views/signup/new.html.erb:8: syntax error, unexpected '<', expecting `end'
app/views/signup/new.html.erb:8: unknown type of %string
Started GET "/register" for 127.0.0.1 at 2021-06-29 16:36:20 +0530
Processing by SignupController#new as HTML
  Rendering layout layouts/application.html.erb
  Rendering signup/new.html.erb within layouts/application
  Rendered signup/new.html.erb within layouts/application (Duration: 3.5ms | Allocations: 1349)
  Rendered layout layouts/application.html.erb (Duration: 6.3ms | Allocations: 1578)
Completed 500 Internal Server Error in 10ms (Allocations: 2365)


  
ActionView::SyntaxErrorInTemplate (Encountered a syntax error while rendering template: check <h1>Signup#new</h1>
<p>Create Account</p>
<div>
    <%=form_tag '/register' do %>
        <%text_field_tag:name, nil, placeholder:"Enter your name"%>
        <br><br>
        <%text_field_tag: email, nil, placeholder:"Enter your email%"
    <%end%>
</div>

):
1:    <h1>Signup#new</h1>
2:    <p>Create Account</p>
3:    <div>
4:        <%=form_tag '/register' do %>
5:            <%text_field_tag:name, nil, placeholder:"Enter your name"%>
6:            <br><br>
7:            <%text_field_tag: email, nil, placeholder:"Enter your email%"
8:        <%end%>
9:    </div>
  
app/views/signup/new.html.erb:7: syntax error, unexpected ':', expecting `end'
app/views/signup/new.html.erb:7: Can't assign to nil
app/views/signup/new.html.erb:7: syntax error, unexpected label, expecting '='
app/views/signup/new.html.erb:8: syntax error, unexpected '<', expecting `end'
app/views/signup/new.html.erb:8: unknown type of %string
app/views/signup/new.html.erb:7: syntax error, unexpected ':', expecting `end'
app/views/signup/new.html.erb:7: Can't assign to nil
app/views/signup/new.html.erb:7: syntax error, unexpected label, expecting '='
app/views/signup/new.html.erb:8: syntax error, unexpected '<', expecting `end'
app/views/signup/new.html.erb:8: unknown type of %string
app/views/signup/new.html.erb:7: syntax error, unexpected ':', expecting `end'
app/views/signup/new.html.erb:7: Can't assign to nil
app/views/signup/new.html.erb:7: syntax error, unexpected label, expecting '='
app/views/signup/new.html.erb:8: syntax error, unexpected '<', expecting `end'
app/views/signup/new.html.erb:8: unknown type of %string
app/views/signup/new.html.erb:7: syntax error, unexpected ':', expecting `end'
app/views/signup/new.html.erb:7: Can't assign to nil
app/views/signup/new.html.erb:7: syntax error, unexpected label, expecting '='
app/views/signup/new.html.erb:8: syntax error, unexpected '<', expecting `end'
app/views/signup/new.html.erb:8: unknown type of %string
app/views/signup/new.html.erb:7: syntax error, unexpected ':', expecting `end'
app/views/signup/new.html.erb:7: Can't assign to nil
app/views/signup/new.html.erb:7: syntax error, unexpected label, expecting '='
app/views/signup/new.html.erb:8: syntax error, unexpected '<', expecting `end'
app/views/signup/new.html.erb:8: unknown type of %string
app/views/signup/new.html.erb:7: syntax error, unexpected ':', expecting `end'
app/views/signup/new.html.erb:7: Can't assign to nil
app/views/signup/new.html.erb:7: syntax error, unexpected label, expecting '='
app/views/signup/new.html.erb:8: syntax error, unexpected '<', expecting `end'
app/views/signup/new.html.erb:8: unknown type of %string
Started GET "/register" for 127.0.0.1 at 2021-06-29 16:36:38 +0530
Processing by SignupController#new as HTML
  Rendering layout layouts/application.html.erb
  Rendering signup/new.html.erb within layouts/application
  Rendered signup/new.html.erb within layouts/application (Duration: 3.4ms | Allocations: 1143)
  Rendered layout layouts/application.html.erb (Duration: 4.1ms | Allocations: 1213)
Completed 500 Internal Server Error in 8ms (Allocations: 2385)


  
ActionView::SyntaxErrorInTemplate (Encountered a syntax error while rendering template: check <h1>Signup#new</h1>
<p>Create Account</p>
<div>
    <%=form_tag '/register' do %>
        <%text_field_tag:name, nil, placeholder:"Enter your name"%>
        <br><br>
        <%text_field_tag: email, nil, placeholder:"Enter your email"%>
    <%end%>
</div>

):
1:    <h1>Signup#new</h1>
2:    <p>Create Account</p>
3:    <div>
4:        <%=form_tag '/register' do %>
5:            <%text_field_tag:name, nil, placeholder:"Enter your name"%>
6:            <br><br>
7:            <%text_field_tag: email, nil, placeholder:"Enter your email"%>
8:        <%end%>
9:    </div>
  
app/views/signup/new.html.erb:7: syntax error, unexpected ':', expecting `end'
app/views/signup/new.html.erb:7: Can't assign to nil
app/views/signup/new.html.erb:7: syntax error, unexpected label, expecting '='
app/views/signup/new.html.erb:12: syntax error, unexpected `end', expecting end-of-input
app/views/signup/new.html.erb:7: syntax error, unexpected ':', expecting `end'
app/views/signup/new.html.erb:7: Can't assign to nil
app/views/signup/new.html.erb:7: syntax error, unexpected label, expecting '='
app/views/signup/new.html.erb:12: syntax error, unexpected `end', expecting end-of-input
app/views/signup/new.html.erb:7: syntax error, unexpected ':', expecting `end'
app/views/signup/new.html.erb:7: Can't assign to nil
app/views/signup/new.html.erb:7: syntax error, unexpected label, expecting '='
app/views/signup/new.html.erb:12: syntax error, unexpected `end', expecting end-of-input
app/views/signup/new.html.erb:7: syntax error, unexpected ':', expecting `end'
app/views/signup/new.html.erb:7: Can't assign to nil
app/views/signup/new.html.erb:7: syntax error, unexpected label, expecting '='
app/views/signup/new.html.erb:12: syntax error, unexpected `end', expecting end-of-input
app/views/signup/new.html.erb:7: syntax error, unexpected ':', expecting `end'
app/views/signup/new.html.erb:7: Can't assign to nil
app/views/signup/new.html.erb:7: syntax error, unexpected label, expecting '='
app/views/signup/new.html.erb:12: syntax error, unexpected `end', expecting end-of-input
app/views/signup/new.html.erb:7: syntax error, unexpected ':', expecting `end'
app/views/signup/new.html.erb:7: Can't assign to nil
app/views/signup/new.html.erb:7: syntax error, unexpected label, expecting '='
app/views/signup/new.html.erb:12: syntax error, unexpected `end', expecting end-of-input
Started GET "/register" for 127.0.0.1 at 2021-06-29 16:37:14 +0530
Processing by SignupController#new as HTML
  Rendering layout layouts/application.html.erb
  Rendering signup/new.html.erb within layouts/application
  Rendered signup/new.html.erb within layouts/application (Duration: 1.2ms | Allocations: 347)
[Webpacker] Everything's up-to-date. Nothing to do
  Rendered layout layouts/application.html.erb (Duration: 8.8ms | Allocations: 3556)
Completed 200 OK in 13ms (Views: 11.1ms | Allocations: 4764)


Started GET "/register" for 127.0.0.1 at 2021-06-29 16:37:16 +0530
Processing by SignupController#new as HTML
  Rendering layout layouts/application.html.erb
  Rendering signup/new.html.erb within layouts/application
  Rendered signup/new.html.erb within layouts/application (Duration: 0.5ms | Allocations: 171)
[Webpacker] Everything's up-to-date. Nothing to do
  Rendered layout layouts/application.html.erb (Duration: 11.5ms | Allocations: 3140)
Completed 200 OK in 14ms (Views: 12.4ms | Allocations: 3579)


Started GET "/register" for 127.0.0.1 at 2021-06-29 16:37:27 +0530
Processing by SignupController#new as HTML
  Rendering layout layouts/application.html.erb
  Rendering signup/new.html.erb within layouts/application
  Rendered signup/new.html.erb within layouts/application (Duration: 3.7ms | Allocations: 345)
[Webpacker] Everything's up-to-date. Nothing to do
  Rendered layout layouts/application.html.erb (Duration: 11.3ms | Allocations: 3543)
Completed 200 OK in 18ms (Views: 16.2ms | Allocations: 4745)


Started GET "/register" for 127.0.0.1 at 2021-06-29 16:37:38 +0530
Processing by SignupController#new as HTML
  Rendering layout layouts/application.html.erb
  Rendering signup/new.html.erb within layouts/application
  Rendered signup/new.html.erb within layouts/application (Duration: 1.4ms | Allocations: 312)
[Webpacker] Everything's up-to-date. Nothing to do
  Rendered layout layouts/application.html.erb (Duration: 9.2ms | Allocations: 3521)
Completed 200 OK in 17ms (Views: 14.7ms | Allocations: 4730)


Started GET "/register" for 127.0.0.1 at 2021-06-29 16:37:41 +0530
Processing by SignupController#new as HTML
  Rendering layout layouts/application.html.erb
  Rendering signup/new.html.erb within layouts/application
  Rendered signup/new.html.erb within layouts/application (Duration: 1.4ms | Allocations: 149)
[Webpacker] Everything's up-to-date. Nothing to do
  Rendered layout layouts/application.html.erb (Duration: 13.1ms | Allocations: 3118)
Completed 200 OK in 17ms (Views: 13.7ms | Allocations: 3557)


Started GET "/register" for 127.0.0.1 at 2021-06-29 16:38:05 +0530
Processing by SignupController#new as HTML
  Rendering layout layouts/application.html.erb
  Rendering signup/new.html.erb within layouts/application
  Rendered signup/new.html.erb within layouts/application (Duration: 2.7ms | Allocations: 364)
[Webpacker] Everything's up-to-date. Nothing to do
  Rendered layout layouts/application.html.erb (Duration: 14.9ms | Allocations: 3562)
Completed 200 OK in 18ms (Views: 16.7ms | Allocations: 4764)


Started GET "/register" for 127.0.0.1 at 2021-06-29 16:38:17 +0530
Processing by SignupController#new as HTML
  Rendering layout layouts/application.html.erb
  Rendering signup/new.html.erb within layouts/application
  Rendered signup/new.html.erb within layouts/application (Duration: 2.9ms | Allocations: 363)
[Webpacker] Everything's up-to-date. Nothing to do
  Rendered layout layouts/application.html.erb (Duration: 10.8ms | Allocations: 3561)
Completed 200 OK in 19ms (Views: 17.1ms | Allocations: 4764)


Started GET "/register" for 127.0.0.1 at 2021-06-29 16:38:29 +0530
Processing by SignupController#new as HTML
  Rendering layout layouts/application.html.erb
  Rendering signup/new.html.erb within layouts/application
  Rendered signup/new.html.erb within layouts/application (Duration: 1.4ms | Allocations: 363)
[Webpacker] Everything's up-to-date. Nothing to do
  Rendered layout layouts/application.html.erb (Duration: 9.0ms | Allocations: 3561)
Completed 200 OK in 19ms (Views: 14.7ms | Allocations: 4764)


Started GET "/register" for 127.0.0.1 at 2021-06-29 16:38:50 +0530
Processing by SignupController#new as HTML
  Rendering layout layouts/application.html.erb
  Rendering signup/new.html.erb within layouts/application
  Rendered signup/new.html.erb within layouts/application (Duration: 4.3ms | Allocations: 406)
[Webpacker] Everything's up-to-date. Nothing to do
  Rendered layout layouts/application.html.erb (Duration: 13.5ms | Allocations: 3604)
Completed 200 OK in 19ms (Views: 16.2ms | Allocations: 4808)


Started GET "/register" for 127.0.0.1 at 2021-06-29 16:39:31 +0530
Processing by SignupController#new as HTML
  Rendering layout layouts/application.html.erb
  Rendering signup/new.html.erb within layouts/application
  Rendered signup/new.html.erb within layouts/application (Duration: 7.3ms | Allocations: 450)
[Webpacker] Everything's up-to-date. Nothing to do
  Rendered layout layouts/application.html.erb (Duration: 18.9ms | Allocations: 3659)
Completed 200 OK in 27ms (Views: 24.1ms | Allocations: 4867)


Started GET "/register" for 127.0.0.1 at 2021-06-29 16:40:17 +0530
Processing by SignupController#new as HTML
  Rendering layout layouts/application.html.erb
  Rendering signup/new.html.erb within layouts/application
  Rendered signup/new.html.erb within layouts/application (Duration: 1.9ms | Allocations: 488)
[Webpacker] Everything's up-to-date. Nothing to do
  Rendered layout layouts/application.html.erb (Duration: 13.3ms | Allocations: 3686)
Completed 200 OK in 16ms (Views: 15.3ms | Allocations: 4889)


Started GET "/register" for 127.0.0.1 at 2021-06-29 16:49:51 +0530
Processing by SignupController#new as HTML
  Rendering layout layouts/application.html.erb
  Rendering signup/new.html.erb within layouts/application
  Rendered signup/new.html.erb within layouts/application (Duration: 1.5ms | Allocations: 487)
[Webpacker] Everything's up-to-date. Nothing to do
  Rendered layout layouts/application.html.erb (Duration: 12.2ms | Allocations: 3685)
Completed 200 OK in 16ms (Views: 14.3ms | Allocations: 4889)


